<?xml version="1.0" encoding="UTF-8"?>
<testng-results ignored="0" total="2" passed="1" failed="1" skipped="0">
  <reporter-output>
  </reporter-output>
  <suite started-at="2021-02-20T18:09:49 EST" name="Default suite" finished-at="2021-02-20T18:10:39 EST" duration-ms="49388">
    <groups>
    </groups>
    <test started-at="2021-02-20T18:09:49 EST" name="Default test" finished-at="2021-02-20T18:10:39 EST" duration-ms="49388">
      <class name="extentreport.FreeCRMTest">
        <test-method is-config="true" signature="setExtent()[pri:0, instance:extentreport.FreeCRMTest@5dd6264]" started-at="2021-02-20T18:09:49 EST" name="setExtent" finished-at="2021-02-20T18:09:50 EST" duration-ms="725" status="PASS">
          <reporter-output>
          </reporter-output>
        </test-method> <!-- setExtent -->
        <test-method is-config="true" signature="setup()[pri:0, instance:extentreport.FreeCRMTest@5dd6264]" started-at="2021-02-20T18:09:50 EST" name="setup" finished-at="2021-02-20T18:10:14 EST" duration-ms="23964" status="PASS">
          <reporter-output>
          </reporter-output>
        </test-method> <!-- setup -->
        <test-method signature="freeCrmlogotest()[pri:0, instance:extentreport.FreeCRMTest@5dd6264]" started-at="2021-02-20T18:10:14 EST" name="freeCrmlogotest" finished-at="2021-02-20T18:10:15 EST" duration-ms="1219" status="PASS">
          <reporter-output>
          </reporter-output>
        </test-method> <!-- freeCrmlogotest -->
        <test-method is-config="true" signature="teardown(org.testng.ITestResult)[pri:0, instance:extentreport.FreeCRMTest@5dd6264]" started-at="2021-02-20T18:10:15 EST" name="teardown" finished-at="2021-02-20T18:10:17 EST" duration-ms="1609" status="PASS">
          <params>
            <param index="0">
              <value>
                <![CDATA[[TestResult name=freeCrmlogotest status=SUCCESS method=FreeCRMTest.freeCrmlogotest()[pri:0, instance:extentreport.FreeCRMTest@5dd6264] output={null}]]]>
              </value>
            </param>
          </params>
          <reporter-output>
          </reporter-output>
        </test-method> <!-- teardown -->
        <test-method is-config="true" signature="setup()[pri:0, instance:extentreport.FreeCRMTest@5dd6264]" started-at="2021-02-20T18:10:17 EST" name="setup" finished-at="2021-02-20T18:10:35 EST" duration-ms="18324" status="PASS">
          <reporter-output>
          </reporter-output>
        </test-method> <!-- setup -->
        <test-method signature="freeCrmtitletest()[pri:0, instance:extentreport.FreeCRMTest@5dd6264]" started-at="2021-02-20T18:10:35 EST" name="freeCrmtitletest" finished-at="2021-02-20T18:10:35 EST" duration-ms="27" status="FAIL">
          <exception class="java.lang.AssertionError">
            <message>
              <![CDATA[expected [#1 Free CRM customer relationship management software cloud111] but found [#1 Free CRM customer relationship management software cloud]]]>
            </message>
            <full-stacktrace>
              <![CDATA[java.lang.AssertionError: expected [#1 Free CRM customer relationship management software cloud111] but found [#1 Free CRM customer relationship management software cloud]
at org.testng.Assert.fail(Assert.java:99)
at org.testng.Assert.failNotEquals(Assert.java:1037)
at org.testng.Assert.assertEqualsImpl(Assert.java:140)
at org.testng.Assert.assertEquals(Assert.java:122)
at org.testng.Assert.assertEquals(Assert.java:629)
at org.testng.Assert.assertEquals(Assert.java:639)
at extentreport.FreeCRMTest.freeCrmtitletest(FreeCRMTest.java:77)
at java.base/jdk.internal.reflect.NativeMethodAccessorImpl.invoke0(Native Method)
at java.base/jdk.internal.reflect.NativeMethodAccessorImpl.invoke(NativeMethodAccessorImpl.java:64)
at java.base/jdk.internal.reflect.DelegatingMethodAccessorImpl.invoke(DelegatingMethodAccessorImpl.java:43)
at java.base/java.lang.reflect.Method.invoke(Method.java:564)
at org.testng.internal.MethodInvocationHelper.invokeMethod(MethodInvocationHelper.java:132)
at org.testng.internal.TestInvoker.invokeMethod(TestInvoker.java:599)
at org.testng.internal.TestInvoker.invokeTestMethod(TestInvoker.java:174)
at org.testng.internal.MethodRunner.runInSequence(MethodRunner.java:46)
at org.testng.internal.TestInvoker$MethodInvocationAgent.invoke(TestInvoker.java:822)
at org.testng.internal.TestInvoker.invokeTestMethods(TestInvoker.java:147)
at org.testng.internal.TestMethodWorker.invokeTestMethods(TestMethodWorker.java:146)
at org.testng.internal.TestMethodWorker.run(TestMethodWorker.java:128)
at java.base/java.util.ArrayList.forEach(ArrayList.java:1511)
at org.testng.TestRunner.privateRun(TestRunner.java:764)
at org.testng.TestRunner.run(TestRunner.java:585)
at org.testng.SuiteRunner.runTest(SuiteRunner.java:384)
at org.testng.SuiteRunner.runSequentially(SuiteRunner.java:378)
at org.testng.SuiteRunner.privateRun(SuiteRunner.java:337)
at org.testng.SuiteRunner.run(SuiteRunner.java:286)
at org.testng.SuiteRunnerWorker.runSuite(SuiteRunnerWorker.java:53)
at org.testng.SuiteRunnerWorker.run(SuiteRunnerWorker.java:96)
at org.testng.TestNG.runSuitesSequentially(TestNG.java:1218)
at org.testng.TestNG.runSuitesLocally(TestNG.java:1140)
at org.testng.TestNG.runSuites(TestNG.java:1069)
at org.testng.TestNG.run(TestNG.java:1037)
at org.testng.remote.AbstractRemoteTestNG.run(AbstractRemoteTestNG.java:115)
at org.testng.remote.RemoteTestNG.initAndRun(RemoteTestNG.java:251)
at org.testng.remote.RemoteTestNG.main(RemoteTestNG.java:77)
]]>
            </full-stacktrace>
          </exception> <!-- java.lang.AssertionError -->
          <reporter-output>
          </reporter-output>
        </test-method> <!-- freeCrmtitletest -->
        <test-method is-config="true" signature="teardown(org.testng.ITestResult)[pri:0, instance:extentreport.FreeCRMTest@5dd6264]" started-at="2021-02-20T18:10:35 EST" name="teardown" finished-at="2021-02-20T18:10:38 EST" duration-ms="2561" status="PASS">
          <params>
            <param index="0">
              <value>
                <![CDATA[[TestResult name=freeCrmtitletest status=FAILURE method=FreeCRMTest.freeCrmtitletest()[pri:0, instance:extentreport.FreeCRMTest@5dd6264] output={null}]]]>
              </value>
            </param>
          </params>
          <reporter-output>
          </reporter-output>
        </test-method> <!-- teardown -->
        <test-method is-config="true" signature="endReport()[pri:0, instance:extentreport.FreeCRMTest@5dd6264]" started-at="2021-02-20T18:10:38 EST" name="endReport" finished-at="2021-02-20T18:10:39 EST" duration-ms="801" status="PASS">
          <reporter-output>
          </reporter-output>
        </test-method> <!-- endReport -->
      </class> <!-- extentreport.FreeCRMTest -->
    </test> <!-- Default test -->
  </suite> <!-- Default suite -->
</testng-results>
